Determining if the include file malloc/malloc.h exists failed with the following output:
Change Dir: /home/leu/Documents/dev/llvm-pass/build/CMakeFiles/CMakeTmp

Run Build Command(s):/usr/bin/gmake cmTC_2b7cb/fast && /usr/bin/gmake -f CMakeFiles/cmTC_2b7cb.dir/build.make CMakeFiles/cmTC_2b7cb.dir/build
gmake[1]: Entering directory '/home/leu/Documents/dev/llvm-pass/build/CMakeFiles/CMakeTmp'
Building C object CMakeFiles/cmTC_2b7cb.dir/CheckIncludeFile.c.o
/usr/bin/cc    -o CMakeFiles/cmTC_2b7cb.dir/CheckIncludeFile.c.o   -c /home/leu/Documents/dev/llvm-pass/build/CMakeFiles/CMakeTmp/CheckIncludeFile.c
/home/leu/Documents/dev/llvm-pass/build/CMakeFiles/CMakeTmp/CheckIncludeFile.c:1:10: fatal error: malloc/malloc.h: No such file or directory
    1 | #include <malloc/malloc.h>
      |          ^~~~~~~~~~~~~~~~~
compilation terminated.
gmake[1]: *** [CMakeFiles/cmTC_2b7cb.dir/build.make:66: CMakeFiles/cmTC_2b7cb.dir/CheckIncludeFile.c.o] Error 1
gmake[1]: Leaving directory '/home/leu/Documents/dev/llvm-pass/build/CMakeFiles/CMakeTmp'
gmake: *** [Makefile:121: cmTC_2b7cb/fast] Error 2



Determining if the include file valgrind/valgrind.h exists failed with the following output:
Change Dir: /home/leu/Documents/dev/llvm-pass/build/CMakeFiles/CMakeTmp

Run Build Command(s):/usr/bin/gmake cmTC_07f61/fast && /usr/bin/gmake -f CMakeFiles/cmTC_07f61.dir/build.make CMakeFiles/cmTC_07f61.dir/build
gmake[1]: Entering directory '/home/leu/Documents/dev/llvm-pass/build/CMakeFiles/CMakeTmp'
Building C object CMakeFiles/cmTC_07f61.dir/CheckIncludeFile.c.o
/usr/bin/cc    -o CMakeFiles/cmTC_07f61.dir/CheckIncludeFile.c.o   -c /home/leu/Documents/dev/llvm-pass/build/CMakeFiles/CMakeTmp/CheckIncludeFile.c
/home/leu/Documents/dev/llvm-pass/build/CMakeFiles/CMakeTmp/CheckIncludeFile.c:1:10: fatal error: valgrind/valgrind.h: No such file or directory
    1 | #include <valgrind/valgrind.h>
      |          ^~~~~~~~~~~~~~~~~~~~~
compilation terminated.
gmake[1]: *** [CMakeFiles/cmTC_07f61.dir/build.make:66: CMakeFiles/cmTC_07f61.dir/CheckIncludeFile.c.o] Error 1
gmake[1]: Leaving directory '/home/leu/Documents/dev/llvm-pass/build/CMakeFiles/CMakeTmp'
gmake: *** [Makefile:121: cmTC_07f61/fast] Error 2



Determining if the include file mach/mach.h exists failed with the following output:
Change Dir: /home/leu/Documents/dev/llvm-pass/build/CMakeFiles/CMakeTmp

Run Build Command(s):/usr/bin/gmake cmTC_e0c75/fast && /usr/bin/gmake -f CMakeFiles/cmTC_e0c75.dir/build.make CMakeFiles/cmTC_e0c75.dir/build
gmake[1]: Entering directory '/home/leu/Documents/dev/llvm-pass/build/CMakeFiles/CMakeTmp'
Building C object CMakeFiles/cmTC_e0c75.dir/CheckIncludeFile.c.o
/usr/bin/cc    -o CMakeFiles/cmTC_e0c75.dir/CheckIncludeFile.c.o   -c /home/leu/Documents/dev/llvm-pass/build/CMakeFiles/CMakeTmp/CheckIncludeFile.c
/home/leu/Documents/dev/llvm-pass/build/CMakeFiles/CMakeTmp/CheckIncludeFile.c:1:10: fatal error: mach/mach.h: No such file or directory
    1 | #include <mach/mach.h>
      |          ^~~~~~~~~~~~~
compilation terminated.
gmake[1]: *** [CMakeFiles/cmTC_e0c75.dir/build.make:66: CMakeFiles/cmTC_e0c75.dir/CheckIncludeFile.c.o] Error 1
gmake[1]: Leaving directory '/home/leu/Documents/dev/llvm-pass/build/CMakeFiles/CMakeTmp'
gmake: *** [Makefile:121: cmTC_e0c75/fast] Error 2



Determining if the include file histedit.h exists failed with the following output:
Change Dir: /home/leu/Documents/dev/llvm-pass/build/CMakeFiles/CMakeTmp

Run Build Command(s):/usr/bin/gmake cmTC_0c91d/fast && /usr/bin/gmake -f CMakeFiles/cmTC_0c91d.dir/build.make CMakeFiles/cmTC_0c91d.dir/build
gmake[1]: Entering directory '/home/leu/Documents/dev/llvm-pass/build/CMakeFiles/CMakeTmp'
Building C object CMakeFiles/cmTC_0c91d.dir/CheckIncludeFile.c.o
/usr/bin/cc    -o CMakeFiles/cmTC_0c91d.dir/CheckIncludeFile.c.o   -c /home/leu/Documents/dev/llvm-pass/build/CMakeFiles/CMakeTmp/CheckIncludeFile.c
/home/leu/Documents/dev/llvm-pass/build/CMakeFiles/CMakeTmp/CheckIncludeFile.c:1:10: fatal error: histedit.h: No such file or directory
    1 | #include <histedit.h>
      |          ^~~~~~~~~~~~
compilation terminated.
gmake[1]: *** [CMakeFiles/cmTC_0c91d.dir/build.make:66: CMakeFiles/cmTC_0c91d.dir/CheckIncludeFile.c.o] Error 1
gmake[1]: Leaving directory '/home/leu/Documents/dev/llvm-pass/build/CMakeFiles/CMakeTmp'
gmake: *** [Makefile:121: cmTC_0c91d/fast] Error 2



Determining if the include file CrashReporterClient.h exists failed with the following output:
Change Dir: /home/leu/Documents/dev/llvm-pass/build/CMakeFiles/CMakeTmp

Run Build Command(s):/usr/bin/gmake cmTC_c9047/fast && /usr/bin/gmake -f CMakeFiles/cmTC_c9047.dir/build.make CMakeFiles/cmTC_c9047.dir/build
gmake[1]: Entering directory '/home/leu/Documents/dev/llvm-pass/build/CMakeFiles/CMakeTmp'
Building C object CMakeFiles/cmTC_c9047.dir/CheckIncludeFile.c.o
/usr/bin/cc    -o CMakeFiles/cmTC_c9047.dir/CheckIncludeFile.c.o   -c /home/leu/Documents/dev/llvm-pass/build/CMakeFiles/CMakeTmp/CheckIncludeFile.c
/home/leu/Documents/dev/llvm-pass/build/CMakeFiles/CMakeTmp/CheckIncludeFile.c:1:10: fatal error: CrashReporterClient.h: No such file or directory
    1 | #include <CrashReporterClient.h>
      |          ^~~~~~~~~~~~~~~~~~~~~~~
compilation terminated.
gmake[1]: *** [CMakeFiles/cmTC_c9047.dir/build.make:66: CMakeFiles/cmTC_c9047.dir/CheckIncludeFile.c.o] Error 1
gmake[1]: Leaving directory '/home/leu/Documents/dev/llvm-pass/build/CMakeFiles/CMakeTmp'
gmake: *** [Makefile:121: cmTC_c9047/fast] Error 2



Determining if the function pfm_initialize exists in the pfm failed with the following output:
Change Dir: /home/leu/Documents/dev/llvm-pass/build/CMakeFiles/CMakeTmp

Run Build Command(s):/usr/bin/gmake cmTC_5b245/fast && /usr/bin/gmake -f CMakeFiles/cmTC_5b245.dir/build.make CMakeFiles/cmTC_5b245.dir/build
gmake[1]: Entering directory '/home/leu/Documents/dev/llvm-pass/build/CMakeFiles/CMakeTmp'
Building C object CMakeFiles/cmTC_5b245.dir/CheckFunctionExists.c.o
/usr/bin/cc   -DCHECK_FUNCTION_EXISTS=pfm_initialize   -o CMakeFiles/cmTC_5b245.dir/CheckFunctionExists.c.o   -c /usr/share/cmake-3.16/Modules/CheckFunctionExists.c
Linking C executable cmTC_5b245
/usr/bin/cmake -E cmake_link_script CMakeFiles/cmTC_5b245.dir/link.txt --verbose=1
/usr/bin/cc  -DCHECK_FUNCTION_EXISTS=pfm_initialize    CMakeFiles/cmTC_5b245.dir/CheckFunctionExists.c.o  -o cmTC_5b245  -lpfm -lm 
/usr/bin/ld: cannot find -lpfm
collect2: error: ld returned 1 exit status
gmake[1]: *** [CMakeFiles/cmTC_5b245.dir/build.make:87: cmTC_5b245] Error 1
gmake[1]: Leaving directory '/home/leu/Documents/dev/llvm-pass/build/CMakeFiles/CMakeTmp'
gmake: *** [Makefile:121: cmTC_5b245/fast] Error 2



Performing C SOURCE FILE Test CMAKE_HAVE_LIBC_PTHREAD failed with the following output:
Change Dir: /home/leu/Documents/dev/llvm-pass/build/CMakeFiles/CMakeTmp

Run Build Command(s):/usr/bin/gmake cmTC_60c68/fast && /usr/bin/gmake -f CMakeFiles/cmTC_60c68.dir/build.make CMakeFiles/cmTC_60c68.dir/build
gmake[1]: Entering directory '/home/leu/Documents/dev/llvm-pass/build/CMakeFiles/CMakeTmp'
Building C object CMakeFiles/cmTC_60c68.dir/src.c.o
/usr/bin/cc   -DCMAKE_HAVE_LIBC_PTHREAD   -o CMakeFiles/cmTC_60c68.dir/src.c.o   -c /home/leu/Documents/dev/llvm-pass/build/CMakeFiles/CMakeTmp/src.c
Linking C executable cmTC_60c68
/usr/bin/cmake -E cmake_link_script CMakeFiles/cmTC_60c68.dir/link.txt --verbose=1
/usr/bin/cc  -DCMAKE_HAVE_LIBC_PTHREAD    CMakeFiles/cmTC_60c68.dir/src.c.o  -o cmTC_60c68  -lm 
/usr/bin/ld: CMakeFiles/cmTC_60c68.dir/src.c.o: in function `main':
src.c:(.text+0x46): undefined reference to `pthread_create'
/usr/bin/ld: src.c:(.text+0x52): undefined reference to `pthread_detach'
/usr/bin/ld: src.c:(.text+0x63): undefined reference to `pthread_join'
collect2: error: ld returned 1 exit status
gmake[1]: *** [CMakeFiles/cmTC_60c68.dir/build.make:87: cmTC_60c68] Error 1
gmake[1]: Leaving directory '/home/leu/Documents/dev/llvm-pass/build/CMakeFiles/CMakeTmp'
gmake: *** [Makefile:121: cmTC_60c68/fast] Error 2


Source file was:
#include <pthread.h>

void* test_func(void* data)
{
  return data;
}

int main(void)
{
  pthread_t thread;
  pthread_create(&thread, NULL, test_func, NULL);
  pthread_detach(thread);
  pthread_join(thread, NULL);
  pthread_atfork(NULL, NULL, NULL);
  pthread_exit(NULL);

  return 0;
}

Determining if the function pthread_create exists in the pthreads failed with the following output:
Change Dir: /home/leu/Documents/dev/llvm-pass/build/CMakeFiles/CMakeTmp

Run Build Command(s):/usr/bin/gmake cmTC_4c47f/fast && /usr/bin/gmake -f CMakeFiles/cmTC_4c47f.dir/build.make CMakeFiles/cmTC_4c47f.dir/build
gmake[1]: Entering directory '/home/leu/Documents/dev/llvm-pass/build/CMakeFiles/CMakeTmp'
Building C object CMakeFiles/cmTC_4c47f.dir/CheckFunctionExists.c.o
/usr/bin/cc   -DCHECK_FUNCTION_EXISTS=pthread_create   -o CMakeFiles/cmTC_4c47f.dir/CheckFunctionExists.c.o   -c /usr/share/cmake-3.16/Modules/CheckFunctionExists.c
Linking C executable cmTC_4c47f
/usr/bin/cmake -E cmake_link_script CMakeFiles/cmTC_4c47f.dir/link.txt --verbose=1
/usr/bin/cc  -DCHECK_FUNCTION_EXISTS=pthread_create    CMakeFiles/cmTC_4c47f.dir/CheckFunctionExists.c.o  -o cmTC_4c47f  -lpthreads -lm 
/usr/bin/ld: cannot find -lpthreads
collect2: error: ld returned 1 exit status
gmake[1]: *** [CMakeFiles/cmTC_4c47f.dir/build.make:87: cmTC_4c47f] Error 1
gmake[1]: Leaving directory '/home/leu/Documents/dev/llvm-pass/build/CMakeFiles/CMakeTmp'
gmake: *** [Makefile:121: cmTC_4c47f/fast] Error 2



Determining if the function setupterm exists in the terminfo failed with the following output:
Change Dir: /home/leu/Documents/dev/llvm-pass/build/CMakeFiles/CMakeTmp

Run Build Command(s):/usr/bin/gmake cmTC_f11c1/fast && /usr/bin/gmake -f CMakeFiles/cmTC_f11c1.dir/build.make CMakeFiles/cmTC_f11c1.dir/build
gmake[1]: Entering directory '/home/leu/Documents/dev/llvm-pass/build/CMakeFiles/CMakeTmp'
Building C object CMakeFiles/cmTC_f11c1.dir/CheckFunctionExists.c.o
/usr/bin/cc   -DCHECK_FUNCTION_EXISTS=setupterm   -o CMakeFiles/cmTC_f11c1.dir/CheckFunctionExists.c.o   -c /usr/share/cmake-3.16/Modules/CheckFunctionExists.c
Linking C executable cmTC_f11c1
/usr/bin/cmake -E cmake_link_script CMakeFiles/cmTC_f11c1.dir/link.txt --verbose=1
/usr/bin/cc  -DCHECK_FUNCTION_EXISTS=setupterm    CMakeFiles/cmTC_f11c1.dir/CheckFunctionExists.c.o  -o cmTC_f11c1  -lterminfo -lm 
/usr/bin/ld: cannot find -lterminfo
collect2: error: ld returned 1 exit status
gmake[1]: *** [CMakeFiles/cmTC_f11c1.dir/build.make:87: cmTC_f11c1] Error 1
gmake[1]: Leaving directory '/home/leu/Documents/dev/llvm-pass/build/CMakeFiles/CMakeTmp'
gmake: *** [Makefile:121: cmTC_f11c1/fast] Error 2



Determining if the function xar_open exists in the xar failed with the following output:
Change Dir: /home/leu/Documents/dev/llvm-pass/build/CMakeFiles/CMakeTmp

Run Build Command(s):/usr/bin/gmake cmTC_b4fb4/fast && /usr/bin/gmake -f CMakeFiles/cmTC_b4fb4.dir/build.make CMakeFiles/cmTC_b4fb4.dir/build
gmake[1]: Entering directory '/home/leu/Documents/dev/llvm-pass/build/CMakeFiles/CMakeTmp'
Building C object CMakeFiles/cmTC_b4fb4.dir/CheckFunctionExists.c.o
/usr/bin/cc   -DCHECK_FUNCTION_EXISTS=xar_open   -o CMakeFiles/cmTC_b4fb4.dir/CheckFunctionExists.c.o   -c /usr/share/cmake-3.16/Modules/CheckFunctionExists.c
Linking C executable cmTC_b4fb4
/usr/bin/cmake -E cmake_link_script CMakeFiles/cmTC_b4fb4.dir/link.txt --verbose=1
/usr/bin/cc  -DCHECK_FUNCTION_EXISTS=xar_open    CMakeFiles/cmTC_b4fb4.dir/CheckFunctionExists.c.o  -o cmTC_b4fb4  -lxar -lm 
/usr/bin/ld: cannot find -lxar
collect2: error: ld returned 1 exit status
gmake[1]: *** [CMakeFiles/cmTC_b4fb4.dir/build.make:87: cmTC_b4fb4] Error 1
gmake[1]: Leaving directory '/home/leu/Documents/dev/llvm-pass/build/CMakeFiles/CMakeTmp'
gmake: *** [Makefile:121: cmTC_b4fb4/fast] Error 2



Determining if the arc4random exist failed with the following output:
Change Dir: /home/leu/Documents/dev/llvm-pass/build/CMakeFiles/CMakeTmp

Run Build Command(s):/usr/bin/gmake cmTC_1f2d3/fast && /usr/bin/gmake -f CMakeFiles/cmTC_1f2d3.dir/build.make CMakeFiles/cmTC_1f2d3.dir/build
gmake[1]: Entering directory '/home/leu/Documents/dev/llvm-pass/build/CMakeFiles/CMakeTmp'
Building C object CMakeFiles/cmTC_1f2d3.dir/CheckSymbolExists.c.o
/usr/bin/cc    -o CMakeFiles/cmTC_1f2d3.dir/CheckSymbolExists.c.o   -c /home/leu/Documents/dev/llvm-pass/build/CMakeFiles/CMakeTmp/CheckSymbolExists.c
/home/leu/Documents/dev/llvm-pass/build/CMakeFiles/CMakeTmp/CheckSymbolExists.c: In function ‘main’:
/home/leu/Documents/dev/llvm-pass/build/CMakeFiles/CMakeTmp/CheckSymbolExists.c:8:19: error: ‘arc4random’ undeclared (first use in this function); did you mean ‘srandom’?
    8 |   return ((int*)(&arc4random))[argc];
      |                   ^~~~~~~~~~
      |                   srandom
/home/leu/Documents/dev/llvm-pass/build/CMakeFiles/CMakeTmp/CheckSymbolExists.c:8:19: note: each undeclared identifier is reported only once for each function it appears in
gmake[1]: *** [CMakeFiles/cmTC_1f2d3.dir/build.make:66: CMakeFiles/cmTC_1f2d3.dir/CheckSymbolExists.c.o] Error 1
gmake[1]: Leaving directory '/home/leu/Documents/dev/llvm-pass/build/CMakeFiles/CMakeTmp'
gmake: *** [Makefile:121: cmTC_1f2d3/fast] Error 2


File /home/leu/Documents/dev/llvm-pass/build/CMakeFiles/CMakeTmp/CheckSymbolExists.c:
/* */
#include <stdlib.h>

int main(int argc, char** argv)
{
  (void)argv;
#ifndef arc4random
  return ((int*)(&arc4random))[argc];
#else
  (void)argc;
  return 0;
#endif
}
Performing C SOURCE FILE Test C_SUPPORTS_WERROR_UNGUARDED_AVAILABILITY_NEW failed with the following output:
Change Dir: /home/leu/Documents/dev/llvm-pass/build/CMakeFiles/CMakeTmp

Run Build Command(s):/usr/bin/gmake cmTC_5b741/fast && /usr/bin/gmake -f CMakeFiles/cmTC_5b741.dir/build.make CMakeFiles/cmTC_5b741.dir/build
gmake[1]: Entering directory '/home/leu/Documents/dev/llvm-pass/build/CMakeFiles/CMakeTmp'
Building C object CMakeFiles/cmTC_5b741.dir/src.c.o
/usr/bin/cc   -DC_SUPPORTS_WERROR_UNGUARDED_AVAILABILITY_NEW   -Werror=unguarded-availability-new -o CMakeFiles/cmTC_5b741.dir/src.c.o   -c /home/leu/Documents/dev/llvm-pass/build/CMakeFiles/CMakeTmp/src.c
cc1: error: '-Werror=unguarded-availability-new': no option -Wunguarded-availability-new
gmake[1]: *** [CMakeFiles/cmTC_5b741.dir/build.make:66: CMakeFiles/cmTC_5b741.dir/src.c.o] Error 1
gmake[1]: Leaving directory '/home/leu/Documents/dev/llvm-pass/build/CMakeFiles/CMakeTmp'
gmake: *** [Makefile:121: cmTC_5b741/fast] Error 2


Source file was:
int main(void) { return 0; }
Determining if the mallctl exist failed with the following output:
Change Dir: /home/leu/Documents/dev/llvm-pass/build/CMakeFiles/CMakeTmp

Run Build Command(s):/usr/bin/gmake cmTC_e75b5/fast && /usr/bin/gmake -f CMakeFiles/cmTC_e75b5.dir/build.make CMakeFiles/cmTC_e75b5.dir/build
gmake[1]: Entering directory '/home/leu/Documents/dev/llvm-pass/build/CMakeFiles/CMakeTmp'
Building C object CMakeFiles/cmTC_e75b5.dir/CheckSymbolExists.c.o
/usr/bin/cc    -o CMakeFiles/cmTC_e75b5.dir/CheckSymbolExists.c.o   -c /home/leu/Documents/dev/llvm-pass/build/CMakeFiles/CMakeTmp/CheckSymbolExists.c
/home/leu/Documents/dev/llvm-pass/build/CMakeFiles/CMakeTmp/CheckSymbolExists.c:2:10: fatal error: malloc_np.h: No such file or directory
    2 | #include <malloc_np.h>
      |          ^~~~~~~~~~~~~
compilation terminated.
gmake[1]: *** [CMakeFiles/cmTC_e75b5.dir/build.make:66: CMakeFiles/cmTC_e75b5.dir/CheckSymbolExists.c.o] Error 1
gmake[1]: Leaving directory '/home/leu/Documents/dev/llvm-pass/build/CMakeFiles/CMakeTmp'
gmake: *** [Makefile:121: cmTC_e75b5/fast] Error 2


File /home/leu/Documents/dev/llvm-pass/build/CMakeFiles/CMakeTmp/CheckSymbolExists.c:
/* */
#include <malloc_np.h>

int main(int argc, char** argv)
{
  (void)argv;
#ifndef mallctl
  return ((int*)(&mallctl))[argc];
#else
  (void)argc;
  return 0;
#endif
}
Determining if the malloc_zone_statistics exist failed with the following output:
Change Dir: /home/leu/Documents/dev/llvm-pass/build/CMakeFiles/CMakeTmp

Run Build Command(s):/usr/bin/gmake cmTC_c9e35/fast && /usr/bin/gmake -f CMakeFiles/cmTC_c9e35.dir/build.make CMakeFiles/cmTC_c9e35.dir/build
gmake[1]: Entering directory '/home/leu/Documents/dev/llvm-pass/build/CMakeFiles/CMakeTmp'
Building C object CMakeFiles/cmTC_c9e35.dir/CheckSymbolExists.c.o
/usr/bin/cc    -o CMakeFiles/cmTC_c9e35.dir/CheckSymbolExists.c.o   -c /home/leu/Documents/dev/llvm-pass/build/CMakeFiles/CMakeTmp/CheckSymbolExists.c
/home/leu/Documents/dev/llvm-pass/build/CMakeFiles/CMakeTmp/CheckSymbolExists.c:2:10: fatal error: malloc/malloc.h: No such file or directory
    2 | #include <malloc/malloc.h>
      |          ^~~~~~~~~~~~~~~~~
compilation terminated.
gmake[1]: *** [CMakeFiles/cmTC_c9e35.dir/build.make:66: CMakeFiles/cmTC_c9e35.dir/CheckSymbolExists.c.o] Error 1
gmake[1]: Leaving directory '/home/leu/Documents/dev/llvm-pass/build/CMakeFiles/CMakeTmp'
gmake: *** [Makefile:121: cmTC_c9e35/fast] Error 2


File /home/leu/Documents/dev/llvm-pass/build/CMakeFiles/CMakeTmp/CheckSymbolExists.c:
/* */
#include <malloc/malloc.h>

int main(int argc, char** argv)
{
  (void)argv;
#ifndef malloc_zone_statistics
  return ((int*)(&malloc_zone_statistics))[argc];
#else
  (void)argc;
  return 0;
#endif
}
Determining if the strerror_s exist failed with the following output:
Change Dir: /home/leu/Documents/dev/llvm-pass/build/CMakeFiles/CMakeTmp

Run Build Command(s):/usr/bin/gmake cmTC_ce760/fast && /usr/bin/gmake -f CMakeFiles/cmTC_ce760.dir/build.make CMakeFiles/cmTC_ce760.dir/build
gmake[1]: Entering directory '/home/leu/Documents/dev/llvm-pass/build/CMakeFiles/CMakeTmp'
Building C object CMakeFiles/cmTC_ce760.dir/CheckSymbolExists.c.o
/usr/bin/cc    -o CMakeFiles/cmTC_ce760.dir/CheckSymbolExists.c.o   -c /home/leu/Documents/dev/llvm-pass/build/CMakeFiles/CMakeTmp/CheckSymbolExists.c
/home/leu/Documents/dev/llvm-pass/build/CMakeFiles/CMakeTmp/CheckSymbolExists.c: In function ‘main’:
/home/leu/Documents/dev/llvm-pass/build/CMakeFiles/CMakeTmp/CheckSymbolExists.c:8:19: error: ‘strerror_s’ undeclared (first use in this function); did you mean ‘strerror_l’?
    8 |   return ((int*)(&strerror_s))[argc];
      |                   ^~~~~~~~~~
      |                   strerror_l
/home/leu/Documents/dev/llvm-pass/build/CMakeFiles/CMakeTmp/CheckSymbolExists.c:8:19: note: each undeclared identifier is reported only once for each function it appears in
gmake[1]: *** [CMakeFiles/cmTC_ce760.dir/build.make:66: CMakeFiles/cmTC_ce760.dir/CheckSymbolExists.c.o] Error 1
gmake[1]: Leaving directory '/home/leu/Documents/dev/llvm-pass/build/CMakeFiles/CMakeTmp'
gmake: *** [Makefile:121: cmTC_ce760/fast] Error 2


File /home/leu/Documents/dev/llvm-pass/build/CMakeFiles/CMakeTmp/CheckSymbolExists.c:
/* */
#include <string.h>

int main(int argc, char** argv)
{
  (void)argv;
#ifndef strerror_s
  return ((int*)(&strerror_s))[argc];
#else
  (void)argc;
  return 0;
#endif
}
Determining if the dladdr exist failed with the following output:
Change Dir: /home/leu/Documents/dev/llvm-pass/build/CMakeFiles/CMakeTmp

Run Build Command(s):/usr/bin/gmake cmTC_3a11c/fast && /usr/bin/gmake -f CMakeFiles/cmTC_3a11c.dir/build.make CMakeFiles/cmTC_3a11c.dir/build
gmake[1]: Entering directory '/home/leu/Documents/dev/llvm-pass/build/CMakeFiles/CMakeTmp'
Building C object CMakeFiles/cmTC_3a11c.dir/CheckSymbolExists.c.o
/usr/bin/cc    -o CMakeFiles/cmTC_3a11c.dir/CheckSymbolExists.c.o   -c /home/leu/Documents/dev/llvm-pass/build/CMakeFiles/CMakeTmp/CheckSymbolExists.c
/home/leu/Documents/dev/llvm-pass/build/CMakeFiles/CMakeTmp/CheckSymbolExists.c: In function ‘main’:
/home/leu/Documents/dev/llvm-pass/build/CMakeFiles/CMakeTmp/CheckSymbolExists.c:8:19: error: ‘dladdr’ undeclared (first use in this function)
    8 |   return ((int*)(&dladdr))[argc];
      |                   ^~~~~~
/home/leu/Documents/dev/llvm-pass/build/CMakeFiles/CMakeTmp/CheckSymbolExists.c:8:19: note: each undeclared identifier is reported only once for each function it appears in
gmake[1]: *** [CMakeFiles/cmTC_3a11c.dir/build.make:66: CMakeFiles/cmTC_3a11c.dir/CheckSymbolExists.c.o] Error 1
gmake[1]: Leaving directory '/home/leu/Documents/dev/llvm-pass/build/CMakeFiles/CMakeTmp'
gmake: *** [Makefile:121: cmTC_3a11c/fast] Error 2


File /home/leu/Documents/dev/llvm-pass/build/CMakeFiles/CMakeTmp/CheckSymbolExists.c:
/* */
#include <dlfcn.h>

int main(int argc, char** argv)
{
  (void)argv;
#ifndef dladdr
  return ((int*)(&dladdr))[argc];
#else
  (void)argc;
  return 0;
#endif
}
Performing C SOURCE FILE Test HAVE_STRUCT_STAT_ST_MTIMESPEC_TV_NSEC failed with the following output:
Change Dir: /home/leu/Documents/dev/llvm-pass/build/CMakeFiles/CMakeTmp

Run Build Command(s):/usr/bin/gmake cmTC_2f464/fast && /usr/bin/gmake -f CMakeFiles/cmTC_2f464.dir/build.make CMakeFiles/cmTC_2f464.dir/build
gmake[1]: Entering directory '/home/leu/Documents/dev/llvm-pass/build/CMakeFiles/CMakeTmp'
Building C object CMakeFiles/cmTC_2f464.dir/src.c.o
/usr/bin/cc   -DHAVE_STRUCT_STAT_ST_MTIMESPEC_TV_NSEC   -o CMakeFiles/cmTC_2f464.dir/src.c.o   -c /home/leu/Documents/dev/llvm-pass/build/CMakeFiles/CMakeTmp/src.c
/home/leu/Documents/dev/llvm-pass/build/CMakeFiles/CMakeTmp/src.c: In function ‘main’:
/home/leu/Documents/dev/llvm-pass/build/CMakeFiles/CMakeTmp/src.c:7:34: error: ‘struct stat’ has no member named ‘st_mtimespec’
    7 |   (void)sizeof(((struct stat *)0)->st_mtimespec.tv_nsec);
      |                                  ^~
gmake[1]: *** [CMakeFiles/cmTC_2f464.dir/build.make:66: CMakeFiles/cmTC_2f464.dir/src.c.o] Error 1
gmake[1]: Leaving directory '/home/leu/Documents/dev/llvm-pass/build/CMakeFiles/CMakeTmp'
gmake: *** [Makefile:121: cmTC_2f464/fast] Error 2


Source file was:

#include <sys/types.h>
#include <sys/stat.h>

int main()
{
  (void)sizeof(((struct stat *)0)->st_mtimespec.tv_nsec);
  return 0;
}

Performing C++ SOURCE FILE Test SUPPORTS_GNU_ZERO_VARIADIC_MACRO_ARGUMENTS_FLAG failed with the following output:
Change Dir: /home/leu/Documents/dev/llvm-pass/build/CMakeFiles/CMakeTmp

Run Build Command(s):/usr/bin/gmake cmTC_ab1d4/fast && /usr/bin/gmake -f CMakeFiles/cmTC_ab1d4.dir/build.make CMakeFiles/cmTC_ab1d4.dir/build
gmake[1]: Entering directory '/home/leu/Documents/dev/llvm-pass/build/CMakeFiles/CMakeTmp'
Building CXX object CMakeFiles/cmTC_ab1d4.dir/src.cxx.o
/usr/bin/c++    -DSUPPORTS_GNU_ZERO_VARIADIC_MACRO_ARGUMENTS_FLAG   -Wgnu-zero-variadic-macro-arguments -o CMakeFiles/cmTC_ab1d4.dir/src.cxx.o -c /home/leu/Documents/dev/llvm-pass/build/CMakeFiles/CMakeTmp/src.cxx
c++: error: unrecognized command line option '-Wgnu-zero-variadic-macro-arguments'
gmake[1]: *** [CMakeFiles/cmTC_ab1d4.dir/build.make:66: CMakeFiles/cmTC_ab1d4.dir/src.cxx.o] Error 1
gmake[1]: Leaving directory '/home/leu/Documents/dev/llvm-pass/build/CMakeFiles/CMakeTmp'
gmake: *** [Makefile:121: cmTC_ab1d4/fast] Error 2


Source file was:
int main() { return 0; }
Performing C++ SOURCE FILE Test CXX_SUPPORTS_WERROR_UNGUARDED_AVAILABILITY_NEW failed with the following output:
Change Dir: /home/leu/Documents/dev/llvm-pass/build/CMakeFiles/CMakeTmp

Run Build Command(s):/usr/bin/gmake cmTC_bbb11/fast && /usr/bin/gmake -f CMakeFiles/cmTC_bbb11.dir/build.make CMakeFiles/cmTC_bbb11.dir/build
gmake[1]: Entering directory '/home/leu/Documents/dev/llvm-pass/build/CMakeFiles/CMakeTmp'
Building CXX object CMakeFiles/cmTC_bbb11.dir/src.cxx.o
/usr/bin/c++    -fPIC -fvisibility-inlines-hidden -Werror=date-time -DCXX_SUPPORTS_WERROR_UNGUARDED_AVAILABILITY_NEW   -Werror -Werror=unguarded-availability-new -o CMakeFiles/cmTC_bbb11.dir/src.cxx.o -c /home/leu/Documents/dev/llvm-pass/build/CMakeFiles/CMakeTmp/src.cxx
cc1plus: error: '-Werror=unguarded-availability-new': no option -Wunguarded-availability-new
gmake[1]: *** [CMakeFiles/cmTC_bbb11.dir/build.make:66: CMakeFiles/cmTC_bbb11.dir/src.cxx.o] Error 1
gmake[1]: Leaving directory '/home/leu/Documents/dev/llvm-pass/build/CMakeFiles/CMakeTmp'
gmake: *** [Makefile:121: cmTC_bbb11/fast] Error 2


Source file was:
int main() { return 0; }
Performing C SOURCE FILE Test C_SUPPORTS_COVERED_SWITCH_DEFAULT_FLAG failed with the following output:
Change Dir: /home/leu/Documents/dev/llvm-pass/build/CMakeFiles/CMakeTmp

Run Build Command(s):/usr/bin/gmake cmTC_04065/fast && /usr/bin/gmake -f CMakeFiles/cmTC_04065.dir/build.make CMakeFiles/cmTC_04065.dir/build
gmake[1]: Entering directory '/home/leu/Documents/dev/llvm-pass/build/CMakeFiles/CMakeTmp'
Building C object CMakeFiles/cmTC_04065.dir/src.c.o
/usr/bin/cc   -fPIC -Werror=date-time -Wall -Wextra -Wno-unused-parameter -Wwrite-strings -Wno-missing-field-initializers -pedantic -Wno-long-long -Wimplicit-fallthrough -DC_SUPPORTS_COVERED_SWITCH_DEFAULT_FLAG   -Werror -Wcovered-switch-default -o CMakeFiles/cmTC_04065.dir/src.c.o   -c /home/leu/Documents/dev/llvm-pass/build/CMakeFiles/CMakeTmp/src.c
cc: error: unrecognized command line option '-Wcovered-switch-default'; did you mean '-Wno-switch-default'?
gmake[1]: *** [CMakeFiles/cmTC_04065.dir/build.make:66: CMakeFiles/cmTC_04065.dir/src.c.o] Error 1
gmake[1]: Leaving directory '/home/leu/Documents/dev/llvm-pass/build/CMakeFiles/CMakeTmp'
gmake: *** [Makefile:121: cmTC_04065/fast] Error 2


Source file was:
int main(void) { return 0; }
Performing C++ SOURCE FILE Test CXX_SUPPORTS_COVERED_SWITCH_DEFAULT_FLAG failed with the following output:
Change Dir: /home/leu/Documents/dev/llvm-pass/build/CMakeFiles/CMakeTmp

Run Build Command(s):/usr/bin/gmake cmTC_ce2dd/fast && /usr/bin/gmake -f CMakeFiles/cmTC_ce2dd.dir/build.make CMakeFiles/cmTC_ce2dd.dir/build
gmake[1]: Entering directory '/home/leu/Documents/dev/llvm-pass/build/CMakeFiles/CMakeTmp'
Building CXX object CMakeFiles/cmTC_ce2dd.dir/src.cxx.o
/usr/bin/c++    -fPIC -fvisibility-inlines-hidden -Werror=date-time -Wall -Wextra -Wno-unused-parameter -Wwrite-strings -Wcast-qual -Wno-missing-field-initializers -pedantic -Wno-long-long -Wimplicit-fallthrough -DCXX_SUPPORTS_COVERED_SWITCH_DEFAULT_FLAG   -Werror -Wcovered-switch-default -o CMakeFiles/cmTC_ce2dd.dir/src.cxx.o -c /home/leu/Documents/dev/llvm-pass/build/CMakeFiles/CMakeTmp/src.cxx
c++: error: unrecognized command line option '-Wcovered-switch-default'; did you mean '-Wno-switch-default'?
gmake[1]: *** [CMakeFiles/cmTC_ce2dd.dir/build.make:66: CMakeFiles/cmTC_ce2dd.dir/src.cxx.o] Error 1
gmake[1]: Leaving directory '/home/leu/Documents/dev/llvm-pass/build/CMakeFiles/CMakeTmp'
gmake: *** [Makefile:121: cmTC_ce2dd/fast] Error 2


Source file was:
int main() { return 0; }
Performing C SOURCE FILE Test C_SUPPORTS_DELETE_NON_VIRTUAL_DTOR_FLAG failed with the following output:
Change Dir: /home/leu/Documents/dev/llvm-pass/build/CMakeFiles/CMakeTmp

Run Build Command(s):/usr/bin/gmake cmTC_5ace8/fast && /usr/bin/gmake -f CMakeFiles/cmTC_5ace8.dir/build.make CMakeFiles/cmTC_5ace8.dir/build
gmake[1]: Entering directory '/home/leu/Documents/dev/llvm-pass/build/CMakeFiles/CMakeTmp'
Building C object CMakeFiles/cmTC_5ace8.dir/src.c.o
/usr/bin/cc   -fPIC -Werror=date-time -Wall -Wextra -Wno-unused-parameter -Wwrite-strings -Wno-missing-field-initializers -pedantic -Wno-long-long -Wimplicit-fallthrough -DC_SUPPORTS_DELETE_NON_VIRTUAL_DTOR_FLAG   -Werror -Wdelete-non-virtual-dtor -o CMakeFiles/cmTC_5ace8.dir/src.c.o   -c /home/leu/Documents/dev/llvm-pass/build/CMakeFiles/CMakeTmp/src.c
cc1: error: command line option '-Wdelete-non-virtual-dtor' is valid for C++/ObjC++ but not for C [-Werror]
cc1: all warnings being treated as errors
gmake[1]: *** [CMakeFiles/cmTC_5ace8.dir/build.make:66: CMakeFiles/cmTC_5ace8.dir/src.c.o] Error 1
gmake[1]: Leaving directory '/home/leu/Documents/dev/llvm-pass/build/CMakeFiles/CMakeTmp'
gmake: *** [Makefile:121: cmTC_5ace8/fast] Error 2


Source file was:
int main(void) { return 0; }
Performing C SOURCE FILE Test C_WCOMMENT_ALLOWS_LINE_WRAP failed with the following output:
Change Dir: /home/leu/Documents/dev/llvm-pass/build/CMakeFiles/CMakeTmp

Run Build Command(s):/usr/bin/gmake cmTC_a1569/fast && /usr/bin/gmake -f CMakeFiles/cmTC_a1569.dir/build.make CMakeFiles/cmTC_a1569.dir/build
gmake[1]: Entering directory '/home/leu/Documents/dev/llvm-pass/build/CMakeFiles/CMakeTmp'
Building C object CMakeFiles/cmTC_a1569.dir/src.c.o
/usr/bin/cc -D_GNU_SOURCE  -fPIC -Werror=date-time -Wall -Wextra -Wno-unused-parameter -Wwrite-strings -Wno-missing-field-initializers -pedantic -Wno-long-long -Wimplicit-fallthrough -DC_WCOMMENT_ALLOWS_LINE_WRAP  -Werror -Wcomment   -o CMakeFiles/cmTC_a1569.dir/src.c.o   -c /home/leu/Documents/dev/llvm-pass/build/CMakeFiles/CMakeTmp/src.c
/home/leu/Documents/dev/llvm-pass/build/CMakeFiles/CMakeTmp/src.c:1:1: error: multi-line comment [-Werror=comment]
    1 | // \
      | ^
cc1: all warnings being treated as errors
gmake[1]: *** [CMakeFiles/cmTC_a1569.dir/build.make:66: CMakeFiles/cmTC_a1569.dir/src.c.o] Error 1
gmake[1]: Leaving directory '/home/leu/Documents/dev/llvm-pass/build/CMakeFiles/CMakeTmp'
gmake: *** [Makefile:121: cmTC_a1569/fast] Error 2


Source file was:
// \
//
int main() {return 0;}
Performing C SOURCE FILE Test C_SUPPORTS_STRING_CONVERSION_FLAG failed with the following output:
Change Dir: /home/leu/Documents/dev/llvm-pass/build/CMakeFiles/CMakeTmp

Run Build Command(s):/usr/bin/gmake cmTC_de625/fast && /usr/bin/gmake -f CMakeFiles/cmTC_de625.dir/build.make CMakeFiles/cmTC_de625.dir/build
gmake[1]: Entering directory '/home/leu/Documents/dev/llvm-pass/build/CMakeFiles/CMakeTmp'
Building C object CMakeFiles/cmTC_de625.dir/src.c.o
/usr/bin/cc   -fPIC -Werror=date-time -Wall -Wextra -Wno-unused-parameter -Wwrite-strings -Wno-missing-field-initializers -pedantic -Wno-long-long -Wimplicit-fallthrough -Wno-comment -DC_SUPPORTS_STRING_CONVERSION_FLAG   -Werror -Wstring-conversion -o CMakeFiles/cmTC_de625.dir/src.c.o   -c /home/leu/Documents/dev/llvm-pass/build/CMakeFiles/CMakeTmp/src.c
cc: error: unrecognized command line option '-Wstring-conversion'; did you mean '-Wsign-conversion'?
gmake[1]: *** [CMakeFiles/cmTC_de625.dir/build.make:66: CMakeFiles/cmTC_de625.dir/src.c.o] Error 1
gmake[1]: Leaving directory '/home/leu/Documents/dev/llvm-pass/build/CMakeFiles/CMakeTmp'
gmake: *** [Makefile:121: cmTC_de625/fast] Error 2


Source file was:
int main(void) { return 0; }
Performing C++ SOURCE FILE Test CXX_SUPPORTS_STRING_CONVERSION_FLAG failed with the following output:
Change Dir: /home/leu/Documents/dev/llvm-pass/build/CMakeFiles/CMakeTmp

Run Build Command(s):/usr/bin/gmake cmTC_0c342/fast && /usr/bin/gmake -f CMakeFiles/cmTC_0c342.dir/build.make CMakeFiles/cmTC_0c342.dir/build
gmake[1]: Entering directory '/home/leu/Documents/dev/llvm-pass/build/CMakeFiles/CMakeTmp'
Building CXX object CMakeFiles/cmTC_0c342.dir/src.cxx.o
/usr/bin/c++    -fPIC -fvisibility-inlines-hidden -Werror=date-time -Wall -Wextra -Wno-unused-parameter -Wwrite-strings -Wcast-qual -Wno-missing-field-initializers -pedantic -Wno-long-long -Wimplicit-fallthrough -Wno-maybe-uninitialized -Wno-class-memaccess -Wno-redundant-move -Wno-noexcept-type -Wdelete-non-virtual-dtor -Wno-comment -DCXX_SUPPORTS_STRING_CONVERSION_FLAG   -Werror -Wstring-conversion -o CMakeFiles/cmTC_0c342.dir/src.cxx.o -c /home/leu/Documents/dev/llvm-pass/build/CMakeFiles/CMakeTmp/src.cxx
c++: error: unrecognized command line option '-Wstring-conversion'; did you mean '-Wsign-conversion'?
gmake[1]: *** [CMakeFiles/cmTC_0c342.dir/build.make:66: CMakeFiles/cmTC_0c342.dir/src.cxx.o] Error 1
gmake[1]: Leaving directory '/home/leu/Documents/dev/llvm-pass/build/CMakeFiles/CMakeTmp'
gmake: *** [Makefile:121: cmTC_0c342/fast] Error 2


Source file was:
int main() { return 0; }
Determining if the os_signpost_interval_begin exist failed with the following output:
Change Dir: /home/leu/Documents/dev/llvm-pass/build/CMakeFiles/CMakeTmp

Run Build Command(s):/usr/bin/gmake cmTC_86122/fast && /usr/bin/gmake -f CMakeFiles/cmTC_86122.dir/build.make CMakeFiles/cmTC_86122.dir/build
gmake[1]: Entering directory '/home/leu/Documents/dev/llvm-pass/build/CMakeFiles/CMakeTmp'
Building C object CMakeFiles/cmTC_86122.dir/CheckSymbolExists.c.o
/usr/bin/cc -D_GNU_SOURCE  -fPIC -Werror=date-time -Wall -Wextra -Wno-unused-parameter -Wwrite-strings -Wno-missing-field-initializers -pedantic -Wno-long-long -Wimplicit-fallthrough -Wno-comment    -o CMakeFiles/cmTC_86122.dir/CheckSymbolExists.c.o   -c /home/leu/Documents/dev/llvm-pass/build/CMakeFiles/CMakeTmp/CheckSymbolExists.c
/home/leu/Documents/dev/llvm-pass/build/CMakeFiles/CMakeTmp/CheckSymbolExists.c:2:10: fatal error: os/signpost.h: No such file or directory
    2 | #include <os/signpost.h>
      |          ^~~~~~~~~~~~~~~
compilation terminated.
gmake[1]: *** [CMakeFiles/cmTC_86122.dir/build.make:66: CMakeFiles/cmTC_86122.dir/CheckSymbolExists.c.o] Error 1
gmake[1]: Leaving directory '/home/leu/Documents/dev/llvm-pass/build/CMakeFiles/CMakeTmp'
gmake: *** [Makefile:121: cmTC_86122/fast] Error 2


File /home/leu/Documents/dev/llvm-pass/build/CMakeFiles/CMakeTmp/CheckSymbolExists.c:
/* */
#include <os/signpost.h>

int main(int argc, char** argv)
{
  (void)argv;
#ifndef os_signpost_interval_begin
  return ((int*)(&os_signpost_interval_begin))[argc];
#else
  (void)argc;
  return 0;
#endif
}
Performing C++ SOURCE FILE Test HAVE_CXX_FLAG_WSHORTEN_64_TO_32 failed with the following output:
Change Dir: /home/leu/Documents/dev/llvm-pass/build/CMakeFiles/CMakeTmp

Run Build Command(s):/usr/bin/gmake cmTC_879cc/fast && /usr/bin/gmake -f CMakeFiles/cmTC_879cc.dir/build.make CMakeFiles/cmTC_879cc.dir/build
gmake[1]: Entering directory '/home/leu/Documents/dev/llvm-pass/build/CMakeFiles/CMakeTmp'
Building CXX object CMakeFiles/cmTC_879cc.dir/src.cxx.o
/usr/bin/c++    -fPIC -fvisibility-inlines-hidden -Werror=date-time -Wall -Wextra -Wno-unused-parameter -Wwrite-strings -Wcast-qual -Wno-missing-field-initializers -pedantic -Wno-long-long -Wimplicit-fallthrough -Wno-maybe-uninitialized -Wno-class-memaccess -Wno-redundant-move -Wno-noexcept-type -Wdelete-non-virtual-dtor -Wno-comment  -std=c++11  -Wall  -Wextra  -Wshadow  -pedantic  -pedantic-errors -DHAVE_CXX_FLAG_WSHORTEN_64_TO_32  -Wshorten-64-to-32   -Wshorten-64-to-32 -o CMakeFiles/cmTC_879cc.dir/src.cxx.o -c /home/leu/Documents/dev/llvm-pass/build/CMakeFiles/CMakeTmp/src.cxx
c++: error: unrecognized command line option '-Wshorten-64-to-32'
c++: error: unrecognized command line option '-Wshorten-64-to-32'
gmake[1]: *** [CMakeFiles/cmTC_879cc.dir/build.make:66: CMakeFiles/cmTC_879cc.dir/src.cxx.o] Error 1
gmake[1]: Leaving directory '/home/leu/Documents/dev/llvm-pass/build/CMakeFiles/CMakeTmp'
gmake: *** [Makefile:121: cmTC_879cc/fast] Error 2


Source file was:
int main() { return 0; }
Performing C++ SOURCE FILE Test HAVE_CXX_FLAG_WD654 failed with the following output:
Change Dir: /home/leu/Documents/dev/llvm-pass/build/CMakeFiles/CMakeTmp

Run Build Command(s):/usr/bin/gmake cmTC_1c68f/fast && /usr/bin/gmake -f CMakeFiles/cmTC_1c68f.dir/build.make CMakeFiles/cmTC_1c68f.dir/build
gmake[1]: Entering directory '/home/leu/Documents/dev/llvm-pass/build/CMakeFiles/CMakeTmp'
Building CXX object CMakeFiles/cmTC_1c68f.dir/src.cxx.o
/usr/bin/c++    -fPIC -fvisibility-inlines-hidden -Werror=date-time -Wall -Wextra -Wno-unused-parameter -Wwrite-strings -Wcast-qual -Wno-missing-field-initializers -pedantic -Wno-long-long -Wimplicit-fallthrough -Wno-maybe-uninitialized -Wno-class-memaccess -Wno-redundant-move -Wno-noexcept-type -Wdelete-non-virtual-dtor -Wno-comment  -std=c++11  -Wall  -Wextra  -Wshadow  -pedantic  -pedantic-errors  -Wfloat-equal  -fstrict-aliasing  -fno-exceptions  -Wstrict-aliasing -DHAVE_CXX_FLAG_WD654  -wd654   -wd654 -o CMakeFiles/cmTC_1c68f.dir/src.cxx.o -c /home/leu/Documents/dev/llvm-pass/build/CMakeFiles/CMakeTmp/src.cxx
c++: error: unrecognized command line option '-wd654'
c++: error: unrecognized command line option '-wd654'
gmake[1]: *** [CMakeFiles/cmTC_1c68f.dir/build.make:66: CMakeFiles/cmTC_1c68f.dir/src.cxx.o] Error 1
gmake[1]: Leaving directory '/home/leu/Documents/dev/llvm-pass/build/CMakeFiles/CMakeTmp'
gmake: *** [Makefile:121: cmTC_1c68f/fast] Error 2


Source file was:
int main() { return 0; }
Performing C++ SOURCE FILE Test HAVE_CXX_FLAG_WTHREAD_SAFETY failed with the following output:
Change Dir: /home/leu/Documents/dev/llvm-pass/build/CMakeFiles/CMakeTmp

Run Build Command(s):/usr/bin/gmake cmTC_699c6/fast && /usr/bin/gmake -f CMakeFiles/cmTC_699c6.dir/build.make CMakeFiles/cmTC_699c6.dir/build
gmake[1]: Entering directory '/home/leu/Documents/dev/llvm-pass/build/CMakeFiles/CMakeTmp'
Building CXX object CMakeFiles/cmTC_699c6.dir/src.cxx.o
/usr/bin/c++    -fPIC -fvisibility-inlines-hidden -Werror=date-time -Wall -Wextra -Wno-unused-parameter -Wwrite-strings -Wcast-qual -Wno-missing-field-initializers -pedantic -Wno-long-long -Wimplicit-fallthrough -Wno-maybe-uninitialized -Wno-class-memaccess -Wno-redundant-move -Wno-noexcept-type -Wdelete-non-virtual-dtor -Wno-comment  -std=c++11  -Wall  -Wextra  -Wshadow  -pedantic  -pedantic-errors  -Wfloat-equal  -fstrict-aliasing  -fno-exceptions  -Wstrict-aliasing -DHAVE_CXX_FLAG_WTHREAD_SAFETY  -Wthread-safety   -Wthread-safety -o CMakeFiles/cmTC_699c6.dir/src.cxx.o -c /home/leu/Documents/dev/llvm-pass/build/CMakeFiles/CMakeTmp/src.cxx
c++: error: unrecognized command line option '-Wthread-safety'
c++: error: unrecognized command line option '-Wthread-safety'
gmake[1]: *** [CMakeFiles/cmTC_699c6.dir/build.make:66: CMakeFiles/cmTC_699c6.dir/src.cxx.o] Error 1
gmake[1]: Leaving directory '/home/leu/Documents/dev/llvm-pass/build/CMakeFiles/CMakeTmp'
gmake: *** [Makefile:121: cmTC_699c6/fast] Error 2


Source file was:
int main() { return 0; }
